JPushExample(1092969)/build/outputs/logs/manifest-merger-debug-report.txt
-- Merging decision tree log ---
manifest
ADDED from VoiceDemo\JPushExample(1092969)\AndroidManifest.xml:2:1-179:12
INJECTED from VoiceDemo\JPushExample(1092969)\AndroidManifest.xml:2:1-179:12
INJECTED from VoiceDemo\JPushExample(1092969)\AndroidManifest.xml:2:1-179:12
MERGED from [com.android.support:appcompat-v7:27.1.1] AndroidManifest.xml:17:1-22:12
MERGED from [com.android.support:support-fragment:27.1.1] AndroidManifest.xml:17:1-22:12
MERGED from [com.android.support:animated-vector-drawable:27.1.1] AndroidManifest.xml:17:1-22:12
MERGED from [com.android.support:support-core-ui:27.1.1] AndroidManifest.xml:17:1-22:12
MERGED from [com.android.support:support-core-utils:27.1.1] AndroidManifest.xml:17:1-22:12
MERGED from [com.android.support:support-vector-drawable:27.1.1] AndroidManifest.xml:17:1-22:12
MERGED from [com.android.support:support-compat:27.1.1] AndroidManifest.xml:17:1-22:12
MERGED from [android.arch.lifecycle:livedata-core:1.1.0] AndroidManifest.xml:17:1-22:12
MERGED from [android.arch.lifecycle:viewmodel:1.1.0] AndroidManifest.xml:17:1-22:12
MERGED from [android.arch.lifecycle:runtime:1.1.0] AndroidManifest.xml:17:1-22:12
MERGED from [android.arch.core:runtime:1.1.0] AndroidManifest.xml:17:1-22:12
INJECTED from VoiceDemo\JPushExample(1092969)\AndroidManifest.xml:2:1-179:12
INJECTED from VoiceDemo\JPushExample(1092969)\AndroidManifest.xml:2:1-179:12
	package
		ADDED from VoiceDemo\JPushExample(1092969)\AndroidManifest.xml:3:5-42
	android:versionName
		ADDED from VoiceDemo\JPushExample(1092969)\AndroidManifest.xml:5:5-32
		INJECTED from VoiceDemo\JPushExample(1092969)\AndroidManifest.xml
		INJECTED from VoiceDemo\JPushExample(1092969)\AndroidManifest.xml
	xmlns:android
		ADDED from VoiceDemo\JPushExample(1092969)\AndroidManifest.xml:2:11-69
	android:versionCode
		ADDED from VoiceDemo\JPushExample(1092969)\AndroidManifest.xml:4:5-30
		INJECTED from VoiceDemo\JPushExample(1092969)\AndroidManifest.xml
		INJECTED from VoiceDemo\JPushExample(1092969)\AndroidManifest.xml
uses-sdk
ADDED from VoiceDemo\JPushExample(1092969)\AndroidManifest.xml:7:5-74
MERGED from [com.android.support:appcompat-v7:27.1.1] AndroidManifest.xml:20:5-44
MERGED from [com.android.support:appcompat-v7:27.1.1] AndroidManifest.xml:20:5-44
MERGED from [com.android.support:support-fragment:27.1.1] AndroidManifest.xml:20:5-44
MERGED from [com.android.support:support-fragment:27.1.1] AndroidManifest.xml:20:5-44
MERGED from [com.android.support:animated-vector-drawable:27.1.1] AndroidManifest.xml:20:5-44
MERGED from [com.android.support:animated-vector-drawable:27.1.1] AndroidManifest.xml:20:5-44
MERGED from [com.android.support:support-core-ui:27.1.1] AndroidManifest.xml:20:5-44
MERGED from [com.android.support:support-core-ui:27.1.1] AndroidManifest.xml:20:5-44
MERGED from [com.android.support:support-core-utils:27.1.1] AndroidManifest.xml:20:5-44
MERGED from [com.android.support:support-core-utils:27.1.1] AndroidManifest.xml:20:5-44
MERGED from [com.android.support:support-vector-drawable:27.1.1] AndroidManifest.xml:20:5-44
MERGED from [com.android.support:support-vector-drawable:27.1.1] AndroidManifest.xml:20:5-44
MERGED from [com.android.support:support-compat:27.1.1] AndroidManifest.xml:20:5-44
MERGED from [com.android.support:support-compat:27.1.1] AndroidManifest.xml:20:5-44
MERGED from [android.arch.lifecycle:livedata-core:1.1.0] AndroidManifest.xml:20:5-44
MERGED from [android.arch.lifecycle:livedata-core:1.1.0] AndroidManifest.xml:20:5-44
MERGED from [android.arch.lifecycle:viewmodel:1.1.0] AndroidManifest.xml:20:5-44
MERGED from [android.arch.lifecycle:viewmodel:1.1.0] AndroidManifest.xml:20:5-44
MERGED from [android.arch.lifecycle:runtime:1.1.0] AndroidManifest.xml:20:5-44
MERGED from [android.arch.lifecycle:runtime:1.1.0] AndroidManifest.xml:20:5-44
MERGED from [android.arch.core:runtime:1.1.0] AndroidManifest.xml:20:5-44
MERGED from [android.arch.core:runtime:1.1.0] AndroidManifest.xml:20:5-44
	android:targetSdkVersion
		ADDED from VoiceDemo\JPushExample(1092969)\AndroidManifest.xml:7:42-71
	android:minSdkVersion
		ADDED from VoiceDemo\JPushExample(1092969)\AndroidManifest.xml:7:15-41
permission#com.android.freak.voicedemo.permission.JPUSH_MESSAGE
ADDED from VoiceDemo\JPushExample(1092969)\AndroidManifest.xml:10:5-12:47
	android:protectionLevel
		ADDED from VoiceDemo\JPushExample(1092969)\AndroidManifest.xml:12:9-44
	android:name
		ADDED from VoiceDemo\JPushExample(1092969)\AndroidManifest.xml:11:9-76
uses-permission#com.android.freak.voicedemo.permission.JPUSH_MESSAGE
ADDED from VoiceDemo\JPushExample(1092969)\AndroidManifest.xml:15:5-92
	android:name
		ADDED from VoiceDemo\JPushExample(1092969)\AndroidManifest.xml:15:22-89
uses-permission#android.permission.RECEIVE_USER_PRESENT
ADDED from VoiceDemo\JPushExample(1092969)\AndroidManifest.xml:16:5-79
	android:name
		ADDED from VoiceDemo\JPushExample(1092969)\AndroidManifest.xml:16:22-76
uses-permission#android.permission.INTERNET
ADDED from VoiceDemo\JPushExample(1092969)\AndroidManifest.xml:17:5-67
	android:name
		ADDED from VoiceDemo\JPushExample(1092969)\AndroidManifest.xml:17:22-64
uses-permission#android.permission.READ_PHONE_STATE
ADDED from VoiceDemo\JPushExample(1092969)\AndroidManifest.xml:18:5-75
	android:name
		ADDED from VoiceDemo\JPushExample(1092969)\AndroidManifest.xml:18:22-72
uses-permission#android.permission.WRITE_EXTERNAL_STORAGE
ADDED from VoiceDemo\JPushExample(1092969)\AndroidManifest.xml:19:5-81
	android:name
		ADDED from VoiceDemo\JPushExample(1092969)\AndroidManifest.xml:19:22-78
uses-permission#android.permission.READ_EXTERNAL_STORAGE
ADDED from VoiceDemo\JPushExample(1092969)\AndroidManifest.xml:20:5-80
	android:name
		ADDED from VoiceDemo\JPushExample(1092969)\AndroidManifest.xml:20:22-77
uses-permission#android.permission.WRITE_SETTINGS
ADDED from VoiceDemo\JPushExample(1092969)\AndroidManifest.xml:21:5-73
	android:name
		ADDED from VoiceDemo\JPushExample(1092969)\AndroidManifest.xml:21:22-70
uses-permission#android.permission.MOUNT_UNMOUNT_FILESYSTEMS
ADDED from VoiceDemo\JPushExample(1092969)\AndroidManifest.xml:22:5-84
	android:name
		ADDED from VoiceDemo\JPushExample(1092969)\AndroidManifest.xml:22:22-81
uses-permission#android.permission.ACCESS_NETWORK_STATE
ADDED from VoiceDemo\JPushExample(1092969)\AndroidManifest.xml:23:5-79
	android:name
		ADDED from VoiceDemo\JPushExample(1092969)\AndroidManifest.xml:23:22-76
uses-permission#android.permission.ACCESS_WIFI_STATE
ADDED from VoiceDemo\JPushExample(1092969)\AndroidManifest.xml:24:5-76
	android:name
		ADDED from VoiceDemo\JPushExample(1092969)\AndroidManifest.xml:24:22-73
uses-permission#android.permission.MODIFY_AUDIO_SETTINGS
ADDED from VoiceDemo\JPushExample(1092969)\AndroidManifest.xml:28:5-80
	android:name
		ADDED from VoiceDemo\JPushExample(1092969)\AndroidManifest.xml:28:22-77
uses-permission#android.permission.CHANGE_WIFI_STATE
ADDED from VoiceDemo\JPushExample(1092969)\AndroidManifest.xml:29:5-76
	android:name
		ADDED from VoiceDemo\JPushExample(1092969)\AndroidManifest.xml:29:22-73
uses-permission#android.permission.VIBRATE
ADDED from VoiceDemo\JPushExample(1092969)\AndroidManifest.xml:32:5-66
	android:name
		ADDED from VoiceDemo\JPushExample(1092969)\AndroidManifest.xml:32:22-63
uses-permission#android.permission.SYSTEM_ALERT_WINDOW
ADDED from VoiceDemo\JPushExample(1092969)\AndroidManifest.xml:33:5-78
	android:name
		ADDED from VoiceDemo\JPushExample(1092969)\AndroidManifest.xml:33:22-75
uses-permission#android.permission.ACCESS_COARSE_LOCATION
ADDED from VoiceDemo\JPushExample(1092969)\AndroidManifest.xml:34:5-81
	android:name
		ADDED from VoiceDemo\JPushExample(1092969)\AndroidManifest.xml:34:22-78
uses-permission#android.permission.ACCESS_FINE_LOCATION
ADDED from VoiceDemo\JPushExample(1092969)\AndroidManifest.xml:36:5-79
	android:name
		ADDED from VoiceDemo\JPushExample(1092969)\AndroidManifest.xml:36:22-76
uses-permission#android.permission.ACCESS_LOCATION_EXTRA_COMMANDS
ADDED from VoiceDemo\JPushExample(1092969)\AndroidManifest.xml:37:5-89
	android:name
		ADDED from VoiceDemo\JPushExample(1092969)\AndroidManifest.xml:37:22-86
uses-permission#android.permission.CHANGE_NETWORK_STATE
ADDED from VoiceDemo\JPushExample(1092969)\AndroidManifest.xml:38:5-79
	android:name
		ADDED from VoiceDemo\JPushExample(1092969)\AndroidManifest.xml:38:22-76
uses-permission#android.permission.GET_TASKS
ADDED from VoiceDemo\JPushExample(1092969)\AndroidManifest.xml:39:5-68
	android:name
		ADDED from VoiceDemo\JPushExample(1092969)\AndroidManifest.xml:39:22-65
application
ADDED from VoiceDemo\JPushExample(1092969)\AndroidManifest.xml:41:5-178:19
	android:label
		ADDED from VoiceDemo\JPushExample(1092969)\AndroidManifest.xml:44:9-41
	android:icon
		ADDED from VoiceDemo\JPushExample(1092969)\AndroidManifest.xml:42:9-45
	android:allowBackup
		ADDED from VoiceDemo\JPushExample(1092969)\AndroidManifest.xml:43:9-36
	android:name
		ADDED from VoiceDemo\JPushExample(1092969)\AndroidManifest.xml:45:9-64
activity#com.example.jpushdemo.MainActivity
ADDED from VoiceDemo\JPushExample(1092969)\AndroidManifest.xml:48:9-55:20
	android:label
		ADDED from VoiceDemo\JPushExample(1092969)\AndroidManifest.xml:50:13-45
	android:name
		ADDED from VoiceDemo\JPushExample(1092969)\AndroidManifest.xml:49:13-62
intent-filter#android.intent.action.MAIN+android.intent.category.LAUNCHER
ADDED from VoiceDemo\JPushExample(1092969)\AndroidManifest.xml:51:13-54:29
action#android.intent.action.MAIN
ADDED from VoiceDemo\JPushExample(1092969)\AndroidManifest.xml:52:17-69
	android:name
		ADDED from VoiceDemo\JPushExample(1092969)\AndroidManifest.xml:52:25-66
category#android.intent.category.LAUNCHER
ADDED from VoiceDemo\JPushExample(1092969)\AndroidManifest.xml:53:17-77
	android:name
		ADDED from VoiceDemo\JPushExample(1092969)\AndroidManifest.xml:53:27-74
activity#com.example.jpushdemo.PushSetActivity
ADDED from VoiceDemo\JPushExample(1092969)\AndroidManifest.xml:57:8-115
	android:label
		ADDED from VoiceDemo\JPushExample(1092969)\AndroidManifest.xml:57:71-103
	android:name
		ADDED from VoiceDemo\JPushExample(1092969)\AndroidManifest.xml:57:18-70
activity#com.example.jpushdemo.SettingActivity
ADDED from VoiceDemo\JPushExample(1092969)\AndroidManifest.xml:59:8-115
	android:label
		ADDED from VoiceDemo\JPushExample(1092969)\AndroidManifest.xml:59:71-103
	android:name
		ADDED from VoiceDemo\JPushExample(1092969)\AndroidManifest.xml:59:18-70
activity#com.example.jpushdemo.TestActivity
ADDED from VoiceDemo\JPushExample(1092969)\AndroidManifest.xml:61:9-66:20
	android:exported
		ADDED from VoiceDemo\JPushExample(1092969)\AndroidManifest.xml:61:69-93
	android:name
		ADDED from VoiceDemo\JPushExample(1092969)\AndroidManifest.xml:61:19-68
intent-filter#jpush.testAction+jpush.testCategory
ADDED from VoiceDemo\JPushExample(1092969)\AndroidManifest.xml:62:13-65:29
action#jpush.testAction
ADDED from VoiceDemo\JPushExample(1092969)\AndroidManifest.xml:63:17-59
	android:name
		ADDED from VoiceDemo\JPushExample(1092969)\AndroidManifest.xml:63:25-56
category#jpush.testCategory
ADDED from VoiceDemo\JPushExample(1092969)\AndroidManifest.xml:64:17-63
	android:name
		ADDED from VoiceDemo\JPushExample(1092969)\AndroidManifest.xml:64:27-60
activity#cn.jpush.android.ui.PopWinActivity
ADDED from VoiceDemo\JPushExample(1092969)\AndroidManifest.xml:69:9-73:20
	android:exported
		ADDED from VoiceDemo\JPushExample(1092969)\AndroidManifest.xml:72:13-37
	android:theme
		ADDED from VoiceDemo\JPushExample(1092969)\AndroidManifest.xml:71:13-49
	android:name
		ADDED from VoiceDemo\JPushExample(1092969)\AndroidManifest.xml:70:13-62
activity#cn.jpush.android.ui.PushActivity
ADDED from VoiceDemo\JPushExample(1092969)\AndroidManifest.xml:76:9-86:20
	android:exported
		ADDED from VoiceDemo\JPushExample(1092969)\AndroidManifest.xml:80:13-37
	android:configChanges
		ADDED from VoiceDemo\JPushExample(1092969)\AndroidManifest.xml:78:13-63
	android:theme
		ADDED from VoiceDemo\JPushExample(1092969)\AndroidManifest.xml:79:13-60
	android:name
		ADDED from VoiceDemo\JPushExample(1092969)\AndroidManifest.xml:77:13-60
intent-filter#android.intent.category.DEFAULT+cn.jpush.android.ui.PushActivity+com.android.freak.voicedemo
ADDED from VoiceDemo\JPushExample(1092969)\AndroidManifest.xml:81:13-85:29
action#cn.jpush.android.ui.PushActivity
ADDED from VoiceDemo\JPushExample(1092969)\AndroidManifest.xml:82:17-75
	android:name
		ADDED from VoiceDemo\JPushExample(1092969)\AndroidManifest.xml:82:25-72
category#android.intent.category.DEFAULT
ADDED from VoiceDemo\JPushExample(1092969)\AndroidManifest.xml:83:17-76
	android:name
		ADDED from VoiceDemo\JPushExample(1092969)\AndroidManifest.xml:83:27-73
category#com.android.freak.voicedemo
ADDED from VoiceDemo\JPushExample(1092969)\AndroidManifest.xml:84:17-72
	android:name
		ADDED from VoiceDemo\JPushExample(1092969)\AndroidManifest.xml:84:27-69
service#cn.jpush.android.service.PushService
ADDED from VoiceDemo\JPushExample(1092969)\AndroidManifest.xml:90:9-100:19
	android:process
		ADDED from VoiceDemo\JPushExample(1092969)\AndroidManifest.xml:92:13-40
	android:exported
		ADDED from VoiceDemo\JPushExample(1092969)\AndroidManifest.xml:93:13-37
	android:name
		ADDED from VoiceDemo\JPushExample(1092969)\AndroidManifest.xml:91:13-64
intent-filter#cn.jpush.android.intent.PUSH_TIME+cn.jpush.android.intent.PushService+cn.jpush.android.intent.REGISTER+cn.jpush.android.intent.REPORT
ADDED from VoiceDemo\JPushExample(1092969)\AndroidManifest.xml:94:13-99:29
action#cn.jpush.android.intent.REGISTER
ADDED from VoiceDemo\JPushExample(1092969)\AndroidManifest.xml:95:17-75
	android:name
		ADDED from VoiceDemo\JPushExample(1092969)\AndroidManifest.xml:95:25-72
action#cn.jpush.android.intent.REPORT
ADDED from VoiceDemo\JPushExample(1092969)\AndroidManifest.xml:96:17-73
	android:name
		ADDED from VoiceDemo\JPushExample(1092969)\AndroidManifest.xml:96:25-70
action#cn.jpush.android.intent.PushService
ADDED from VoiceDemo\JPushExample(1092969)\AndroidManifest.xml:97:17-78
	android:name
		ADDED from VoiceDemo\JPushExample(1092969)\AndroidManifest.xml:97:25-75
action#cn.jpush.android.intent.PUSH_TIME
ADDED from VoiceDemo\JPushExample(1092969)\AndroidManifest.xml:98:17-76
	android:name
		ADDED from VoiceDemo\JPushExample(1092969)\AndroidManifest.xml:98:25-73
provider#cn.jpush.android.service.DataProvider
ADDED from VoiceDemo\JPushExample(1092969)\AndroidManifest.xml:102:9-107:11
	android:process
		ADDED from VoiceDemo\JPushExample(1092969)\AndroidManifest.xml:105:13-40
	android:authorities
		ADDED from VoiceDemo\JPushExample(1092969)\AndroidManifest.xml:103:13-75
	android:exported
		ADDED from VoiceDemo\JPushExample(1092969)\AndroidManifest.xml:106:13-37
	android:name
		ADDED from VoiceDemo\JPushExample(1092969)\AndroidManifest.xml:104:13-65
service#cn.jpush.android.service.DaemonService
ADDED from VoiceDemo\JPushExample(1092969)\AndroidManifest.xml:111:9-120:19
	android:enabled
		ADDED from VoiceDemo\JPushExample(1092969)\AndroidManifest.xml:113:13-35
	android:exported
		ADDED from VoiceDemo\JPushExample(1092969)\AndroidManifest.xml:114:13-36
	android:name
		ADDED from VoiceDemo\JPushExample(1092969)\AndroidManifest.xml:112:13-66
intent-filter#cn.jpush.android.intent.DaemonService+com.android.freak.voicedemo
ADDED from VoiceDemo\JPushExample(1092969)\AndroidManifest.xml:115:13-118:29
action#cn.jpush.android.intent.DaemonService
ADDED from VoiceDemo\JPushExample(1092969)\AndroidManifest.xml:116:17-80
	android:name
		ADDED from VoiceDemo\JPushExample(1092969)\AndroidManifest.xml:116:25-77
provider#cn.jpush.android.service.DownloadProvider
ADDED from VoiceDemo\JPushExample(1092969)\AndroidManifest.xml:122:9-126:11
	android:authorities
		ADDED from VoiceDemo\JPushExample(1092969)\AndroidManifest.xml:123:13-79
	android:exported
		ADDED from VoiceDemo\JPushExample(1092969)\AndroidManifest.xml:125:13-36
	android:name
		ADDED from VoiceDemo\JPushExample(1092969)\AndroidManifest.xml:124:13-69
receiver#cn.jpush.android.service.PushReceiver
ADDED from VoiceDemo\JPushExample(1092969)\AndroidManifest.xml:128:9-147:20
	android:enabled
		ADDED from VoiceDemo\JPushExample(1092969)\AndroidManifest.xml:130:13-35
	android:exported
		ADDED from VoiceDemo\JPushExample(1092969)\AndroidManifest.xml:131:13-37
	android:name
		ADDED from VoiceDemo\JPushExample(1092969)\AndroidManifest.xml:129:13-65
intent-filter#cn.jpush.android.intent.NOTIFICATION_RECEIVED_PROXY+com.android.freak.voicedemo
ADDED from VoiceDemo\JPushExample(1092969)\AndroidManifest.xml:132:13-135:29
	android:priority
		ADDED from VoiceDemo\JPushExample(1092969)\AndroidManifest.xml:132:28-51
action#cn.jpush.android.intent.NOTIFICATION_RECEIVED_PROXY
ADDED from VoiceDemo\JPushExample(1092969)\AndroidManifest.xml:133:17-94
	android:name
		ADDED from VoiceDemo\JPushExample(1092969)\AndroidManifest.xml:133:25-91
intent-filter#android.intent.action.USER_PRESENT+android.net.conn.CONNECTIVITY_CHANGE
ADDED from VoiceDemo\JPushExample(1092969)\AndroidManifest.xml:136:13-139:29
action#android.intent.action.USER_PRESENT
ADDED from VoiceDemo\JPushExample(1092969)\AndroidManifest.xml:137:17-77
	android:name
		ADDED from VoiceDemo\JPushExample(1092969)\AndroidManifest.xml:137:25-74
action#android.net.conn.CONNECTIVITY_CHANGE
ADDED from VoiceDemo\JPushExample(1092969)\AndroidManifest.xml:138:17-79
	android:name
		ADDED from VoiceDemo\JPushExample(1092969)\AndroidManifest.xml:138:25-76
intent-filter#android.intent.action.PACKAGE_ADDED+android.intent.action.PACKAGE_REMOVED
ADDED from VoiceDemo\JPushExample(1092969)\AndroidManifest.xml:141:13-146:29
action#android.intent.action.PACKAGE_ADDED
ADDED from VoiceDemo\JPushExample(1092969)\AndroidManifest.xml:142:17-78
	android:name
		ADDED from VoiceDemo\JPushExample(1092969)\AndroidManifest.xml:142:25-75
action#android.intent.action.PACKAGE_REMOVED
ADDED from VoiceDemo\JPushExample(1092969)\AndroidManifest.xml:143:17-80
	android:name
		ADDED from VoiceDemo\JPushExample(1092969)\AndroidManifest.xml:143:25-77
data
ADDED from VoiceDemo\JPushExample(1092969)\AndroidManifest.xml:145:17-50
	android:scheme
		ADDED from VoiceDemo\JPushExample(1092969)\AndroidManifest.xml:145:23-47
receiver#cn.jpush.android.service.AlarmReceiver
ADDED from VoiceDemo\JPushExample(1092969)\AndroidManifest.xml:150:9-99
	android:exported
		ADDED from VoiceDemo\JPushExample(1092969)\AndroidManifest.xml:150:73-97
	android:name
		ADDED from VoiceDemo\JPushExample(1092969)\AndroidManifest.xml:150:19-72
receiver#com.example.jpushdemo.MyReceiver
ADDED from VoiceDemo\JPushExample(1092969)\AndroidManifest.xml:153:9-165:20
	android:enabled
		ADDED from VoiceDemo\JPushExample(1092969)\AndroidManifest.xml:156:13-35
	android:exported
		ADDED from VoiceDemo\JPushExample(1092969)\AndroidManifest.xml:155:13-37
	android:name
		ADDED from VoiceDemo\JPushExample(1092969)\AndroidManifest.xml:154:13-60
intent-filter#cn.jpush.android.intent.CONNECTION+cn.jpush.android.intent.MESSAGE_RECEIVED+cn.jpush.android.intent.NOTIFICATION_OPENED+cn.jpush.android.intent.NOTIFICATION_RECEIVED+cn.jpush.android.intent.REGISTRATION+com.android.freak.voicedemo
ADDED from VoiceDemo\JPushExample(1092969)\AndroidManifest.xml:157:13-164:29
action#cn.jpush.android.intent.REGISTRATION
ADDED from VoiceDemo\JPushExample(1092969)\AndroidManifest.xml:158:17-79
	android:name
		ADDED from VoiceDemo\JPushExample(1092969)\AndroidManifest.xml:158:25-76
action#cn.jpush.android.intent.MESSAGE_RECEIVED
ADDED from VoiceDemo\JPushExample(1092969)\AndroidManifest.xml:159:17-83
	android:name
		ADDED from VoiceDemo\JPushExample(1092969)\AndroidManifest.xml:159:25-80
action#cn.jpush.android.intent.NOTIFICATION_RECEIVED
ADDED from VoiceDemo\JPushExample(1092969)\AndroidManifest.xml:160:17-88
	android:name
		ADDED from VoiceDemo\JPushExample(1092969)\AndroidManifest.xml:160:25-85
action#cn.jpush.android.intent.NOTIFICATION_OPENED
ADDED from VoiceDemo\JPushExample(1092969)\AndroidManifest.xml:161:17-86
	android:name
		ADDED from VoiceDemo\JPushExample(1092969)\AndroidManifest.xml:161:25-83
action#cn.jpush.android.intent.CONNECTION
ADDED from VoiceDemo\JPushExample(1092969)\AndroidManifest.xml:162:17-77
	android:name
		ADDED from VoiceDemo\JPushExample(1092969)\AndroidManifest.xml:162:25-74
receiver#com.example.jpushdemo.MyJPushMessageReceiver
ADDED from VoiceDemo\JPushExample(1092969)\AndroidManifest.xml:168:9-173:20
	android:name
		ADDED from VoiceDemo\JPushExample(1092969)\AndroidManifest.xml:168:19-78
intent-filter#cn.jpush.android.intent.RECEIVE_MESSAGE+com.android.freak.voicedemo
ADDED from VoiceDemo\JPushExample(1092969)\AndroidManifest.xml:169:13-172:29
action#cn.jpush.android.intent.RECEIVE_MESSAGE
ADDED from VoiceDemo\JPushExample(1092969)\AndroidManifest.xml:170:17-82
	android:name
		ADDED from VoiceDemo\JPushExample(1092969)\AndroidManifest.xml:170:25-79
meta-data#JPUSH_CHANNEL
ADDED from VoiceDemo\JPushExample(1092969)\AndroidManifest.xml:175:9-84
	android:value
		ADDED from VoiceDemo\JPushExample(1092969)\AndroidManifest.xml:175:49-82
	android:name
		ADDED from VoiceDemo\JPushExample(1092969)\AndroidManifest.xml:175:20-48
meta-data#JPUSH_APPKEY
ADDED from VoiceDemo\JPushExample(1092969)\AndroidManifest.xml:176:9-91
	android:value
		ADDED from VoiceDemo\JPushExample(1092969)\AndroidManifest.xml:176:48-88
	android:name
		ADDED from VoiceDemo\JPushExample(1092969)\AndroidManifest.xml:176:20-47